<?xml version="1.0" encoding="UTF-8"?>
<Site BuildName="(empty)"
	BuildStamp="20240909-2106-Experimental"
	Name="siba-ThinkPad-L460"
	Generator="ctest-3.16.3"
	CompilerName="/usr/bin/c++"
	CompilerVersion="9.4.0"
	OSName="Linux"
	Hostname="siba-ThinkPad-L460"
	OSRelease="5.15.0-119-generic"
	OSVersion="#129~20.04.1-Ubuntu SMP Wed Aug 7 13:07:13 UTC 2024"
	OSPlatform="x86_64"
	Is64Bits="1"
	VendorString="GenuineIntel"
	VendorID="Intel Corporation"
	FamilyID="6"
	ModelID="78"
	ProcessorCacheSize="4096"
	NumberOfLogicalCPU="4"
	NumberOfPhysicalCPU="2"
	TotalVirtualMemory="2047"
	TotalPhysicalMemory="15411"
	LogicalProcessorsPerPhysical="2"
	ProcessorClockFrequency="1375.72"
	>
	<Testing>
		<StartDateTime>Sep 09 16:06 -05</StartDateTime>
		<StartTestTime>1725916006</StartTestTime>
		<TestList/>
		<EndDateTime>Sep 09 16:06 -05</EndDateTime>
		<EndTestTime>1725916006</EndTestTime>
		<ElapsedMinutes>0</ElapsedMinutes>
	</Testing>
</Site>
